00:04:29: Creating resource group General
00:04:29: Creating resource group Internal
00:04:29: Creating resource group Autodetect
00:04:29: SceneManagerFactory for type 'DefaultSceneManager' registered.
00:04:29: Registering ResourceManager for type Material
00:04:29: Registering ResourceManager for type Mesh
00:04:29: Registering ResourceManager for type Skeleton
00:04:29: MovableObjectFactory for type 'ParticleSystem' registered.
00:04:29: OverlayElementFactory for type Panel registered.
00:04:29: OverlayElementFactory for type BorderPanel registered.
00:04:29: OverlayElementFactory for type TextArea registered.
00:04:29: Registering ResourceManager for type Font
00:04:29: ArchiveFactory for archive type FileSystem registered.
00:04:29: ArchiveFactory for archive type Zip registered.
00:04:29: FreeImage version: 3.10.0
00:04:29: This program uses FreeImage, a free, open source image library supporting all common bitmap formats. See http://freeimage.sourceforge.net for details
00:04:29: Supported formats: bmp,ico,jpg,jif,jpeg,jpe,jng,koa,iff,lbm,mng,pbm,pbm,pcd,pcx,pgm,pgm,png,ppm,ppm,ras,tga,targa,tif,tiff,wap,wbmp,wbm,psd,cut,xbm,xpm,gif,hdr,g3,sgi,exr,j2k,j2c,jp2
00:04:29: DDS codec registering
00:04:29: Registering ResourceManager for type HighLevelGpuProgram
00:04:29: Registering ResourceManager for type Compositor
00:04:29: MovableObjectFactory for type 'Entity' registered.
00:04:29: MovableObjectFactory for type 'Light' registered.
00:04:29: MovableObjectFactory for type 'BillboardSet' registered.
00:04:29: MovableObjectFactory for type 'ManualObject' registered.
00:04:29: MovableObjectFactory for type 'BillboardChain' registered.
00:04:29: MovableObjectFactory for type 'RibbonTrail' registered.
00:04:29: Loading library .\RenderSystem_Direct3D9
00:04:29: Installing plugin: D3D9 RenderSystem
00:04:29: D3D9 : Direct3D9 Rendering Subsystem created.
00:04:29: D3D9: Driver Detection Starts
00:04:29: D3D9: Driver Detection Ends
00:04:29: Plugin successfully installed
00:04:29: Loading library .\Plugin_ParticleFX
00:04:29: Installing plugin: ParticleFX
00:04:29: Particle Emitter Type 'Point' registered
00:04:29: Particle Emitter Type 'Box' registered
00:04:29: Particle Emitter Type 'Ellipsoid' registered
00:04:29: Particle Emitter Type 'Cylinder' registered
00:04:29: Particle Emitter Type 'Ring' registered
00:04:30: Particle Emitter Type 'HollowEllipsoid' registered
00:04:30: Particle Affector Type 'LinearForce' registered
00:04:30: Particle Affector Type 'ColourFader' registered
00:04:30: Particle Affector Type 'ColourFader2' registered
00:04:30: Particle Affector Type 'ColourImage' registered
00:04:30: Particle Affector Type 'ColourInterpolator' registered
00:04:30: Particle Affector Type 'Scaler' registered
00:04:30: Particle Affector Type 'Rotator' registered
00:04:30: Particle Affector Type 'DirectionRandomiser' registered
00:04:30: Particle Affector Type 'DeflectorPlane' registered
00:04:30: Plugin successfully installed
00:04:30: Loading library .\Plugin_OctreeSceneManager
00:04:30: Installing plugin: Octree & Terrain Scene Manager
00:04:30: Plugin successfully installed
00:04:30: Loading library .\Plugin_CgProgramManager
00:04:30: Installing plugin: Cg Program Manager
00:04:30: Plugin successfully installed
00:04:30: *-*-* OGRE Initialising
00:04:30: *-*-* Version 1.4.8 (Eihort)
00:04:30: Creating resource group Bootstrap
00:04:30: Added resource location 'Media/packs/OgreCore.zip' of type 'Zip' to resource group 'Bootstrap'
00:04:30: Added resource location 'Media' of type 'FileSystem' to resource group 'General'
00:04:30: D3D9 : RenderSystem Option: Full Screen = No
00:04:30: D3D9 : RenderSystem Option: Video Mode = 640 x 480 @ 32-bit colour
00:04:30: CPU Identifier & Features
00:04:30: -------------------------
00:04:30:  *   CPU ID: GenuineIntel: Intel(R) Pentium(R) Dual  CPU  E2180  @ 2.00GHz
00:04:30:  *      SSE: yes
00:04:30:  *     SSE2: yes
00:04:30:  *     SSE3: yes
00:04:30:  *      MMX: yes
00:04:30:  *   MMXEXT: yes
00:04:30:  *    3DNOW: no
00:04:30:  * 3DNOWEXT: no
00:04:30:  *     CMOV: yes
00:04:30:  *      TSC: yes
00:04:30:  *      FPU: yes
00:04:30:  *      PRO: yes
00:04:30:  *       HT: no
00:04:30: -------------------------
00:04:30: D3D9 : Subsystem Initialising
00:04:30: ***************************************
00:04:30: *** D3D9 : Subsystem Initialised OK ***
00:04:30: ***************************************
00:04:30: D3D9RenderSystem::createRenderWindow "OgreImageSource Windows", 0x0 windowed  miscParams: externalWindowHandle=264634 
00:04:30: D3D9 : Created D3D9 Rendering Window 'OgreImageSource Windows' : 784x562, 32bpp
00:04:30: D3D9 : WARNING - disabling VSync in windowed mode can cause timing issues at lower frame rates, turn VSync on if you observe this problem.
00:04:30: Registering ResourceManager for type Texture
00:04:30: Registering ResourceManager for type GpuProgram
00:04:30: Multiple render targets with independent bit depths supported
00:04:30: D3D9: Vertex texture format supported - PF_FLOAT16_RGB
00:04:30: D3D9: Vertex texture format supported - PF_FLOAT16_RGBA
00:04:30: D3D9: Vertex texture format supported - PF_FLOAT32_RGB
00:04:30: D3D9: Vertex texture format supported - PF_FLOAT32_RGBA
00:04:30: D3D9: Vertex texture format supported - PF_FLOAT16_R
00:04:30: D3D9: Vertex texture format supported - PF_FLOAT32_R
00:04:30: D3D9: Vertex texture format supported - PF_FLOAT16_GR
00:04:30: D3D9: Vertex texture format supported - PF_FLOAT32_GR
00:04:30: RenderSystem capabilities
00:04:30: -------------------------
00:04:30:  * Hardware generation of mipmaps: yes
00:04:30:  * Texture blending: yes
00:04:30:  * Anisotropic texture filtering: yes
00:04:30:  * Dot product texture operation: yes
00:04:30:  * Cube mapping: yes
00:04:30:  * Hardware stencil buffer: yes
00:04:30:    - Stencil depth: 8
00:04:30:    - Two sided stencil support: yes
00:04:30:    - Wrap stencil values: yes
00:04:30:  * Hardware vertex / index buffers: yes
00:04:30:  * Vertex programs: yes
00:04:30:    - Max vertex program version: vs_3_0
00:04:30:  * Fragment programs: yes
00:04:30:    - Max fragment program version: ps_3_0
00:04:30:  * Texture Compression: yes
00:04:30:    - DXT: yes
00:04:30:    - VTC: no
00:04:30:  * Scissor Rectangle: yes
00:04:30:  * Hardware Occlusion Query: yes
00:04:30:  * User clip planes: yes
00:04:30:  * VET_UBYTE4 vertex element type: yes
00:04:30:  * Infinite far plane projection: yes
00:04:30:  * Hardware render-to-texture: yes
00:04:30:  * Floating point textures: yes
00:04:30:  * Non-power-of-two textures: yes
00:04:30:  * Volume textures: yes
00:04:30:  * Multiple Render Targets: 4
00:04:30:  * Point Sprites: yes
00:04:30:  * Extended point parameters: yes
00:04:30:  * Max Point Size: 8192
00:04:30:  * Vertex texture fetch: yes
00:04:30:    - Max vertex textures: 4
00:04:30:    - Vertex textures shared: no
00:04:30: ResourceBackgroundQueue - threading disabled
00:04:30: Particle Renderer Type 'billboard' registered
00:04:30: SceneManagerFactory for type 'OctreeSceneManager' registered.
00:04:30: SceneManagerFactory for type 'TerrainSceneManager' registered.
00:04:30: Parsing scripts for resource group Autodetect
00:04:30: Finished parsing scripts for resource group Autodetect
00:04:31: Parsing scripts for resource group Bootstrap
00:04:31: Parsing script OgreCore.material
00:04:31: Parsing script OgreProfiler.material
00:04:31: Parsing script Ogre.fontdef
00:04:31: Parsing script OgreDebugPanel.overlay
00:04:31: Texture: New_Ogre_Border_Center.png: Loading 1 faces(PF_A8R8G8B8,256x128x1) with  hardware generated mipmaps from Image. Internal format is PF_A8R8G8B8,256x128x1.
00:04:31: Texture: New_Ogre_Border.png: Loading 1 faces(PF_A8R8G8B8,256x256x1) with  hardware generated mipmaps from Image. Internal format is PF_A8R8G8B8,256x256x1.
00:04:31: Texture: New_Ogre_Border_Break.png: Loading 1 faces(PF_A8R8G8B8,32x32x1) with  hardware generated mipmaps from Image. Internal format is PF_A8R8G8B8,32x32x1.
00:04:31: Font BlueHighwayusing texture size 512x512
00:04:31: Info: Freetype returned null for character 127 in font BlueHighway
00:04:31: Info: Freetype returned null for character 128 in font BlueHighway
00:04:31: Info: Freetype returned null for character 129 in font BlueHighway
00:04:31: Info: Freetype returned null for character 130 in font BlueHighway
00:04:31: Info: Freetype returned null for character 131 in font BlueHighway
00:04:31: Info: Freetype returned null for character 132 in font BlueHighway
00:04:31: Info: Freetype returned null for character 133 in font BlueHighway
00:04:31: Info: Freetype returned null for character 134 in font BlueHighway
00:04:31: Info: Freetype returned null for character 135 in font BlueHighway
00:04:31: Info: Freetype returned null for character 136 in font BlueHighway
00:04:31: Info: Freetype returned null for character 137 in font BlueHighway
00:04:31: Info: Freetype returned null for character 138 in font BlueHighway
00:04:31: Info: Freetype returned null for character 139 in font BlueHighway
00:04:31: Info: Freetype returned null for character 140 in font BlueHighway
00:04:31: Info: Freetype returned null for character 141 in font BlueHighway
00:04:31: Info: Freetype returned null for character 142 in font BlueHighway
00:04:31: Info: Freetype returned null for character 143 in font BlueHighway
00:04:31: Info: Freetype returned null for character 144 in font BlueHighway
00:04:31: Info: Freetype returned null for character 145 in font BlueHighway
00:04:31: Info: Freetype returned null for character 146 in font BlueHighway
00:04:31: Info: Freetype returned null for character 147 in font BlueHighway
00:04:31: Info: Freetype returned null for character 148 in font BlueHighway
00:04:31: Info: Freetype returned null for character 149 in font BlueHighway
00:04:31: Info: Freetype returned null for character 150 in font BlueHighway
00:04:31: Info: Freetype returned null for character 151 in font BlueHighway
00:04:31: Info: Freetype returned null for character 152 in font BlueHighway
00:04:31: Info: Freetype returned null for character 153 in font BlueHighway
00:04:31: Info: Freetype returned null for character 154 in font BlueHighway
00:04:31: Info: Freetype returned null for character 155 in font BlueHighway
00:04:31: Info: Freetype returned null for character 156 in font BlueHighway
00:04:31: Info: Freetype returned null for character 157 in font BlueHighway
00:04:31: Info: Freetype returned null for character 158 in font BlueHighway
00:04:31: Info: Freetype returned null for character 159 in font BlueHighway
00:04:31: Info: Freetype returned null for character 160 in font BlueHighway
00:04:31: Texture: BlueHighwayTexture: Loading 1 faces(PF_BYTE_LA,512x512x1) with 0 generated mipmaps from Image. Internal format is PF_BYTE_LA,512x512x1.
00:04:31: Texture: ogretext.png: Loading 1 faces(PF_A8R8G8B8,256x128x1) with  hardware generated mipmaps from Image. Internal format is PF_A8R8G8B8,256x128x1.
00:04:31: Parsing script OgreLoadingPanel.overlay
00:04:32: Finished parsing scripts for resource group Bootstrap
00:04:32: Parsing scripts for resource group General
00:04:32: Parsing script clouds.material
00:04:32: OGRE EXCEPTION(6:FileNotFoundException): Cannot locate resource oceanHLSL_Cg.vert in resource group General or any other group. in ResourceGroupManager::openResource at ..\src\OgreResourceGroupManager.cpp (line 604)
00:04:32: High-level program Cg/OceanVS encountered an error during loading and is thus not supported.
OGRE EXCEPTION(6:FileNotFoundException): Cannot locate resource oceanHLSL_Cg.vert in resource group General or any other group. in ResourceGroupManager::openResource at ..\src\OgreResourceGroupManager.cpp (line 604)
00:04:32: OGRE EXCEPTION(6:FileNotFoundException): Cannot locate resource oceanHLSL_Cg.frag in resource group General or any other group. in ResourceGroupManager::openResource at ..\src\OgreResourceGroupManager.cpp (line 604)
00:04:32: High-level program Cg/OceanFS encountered an error during loading and is thus not supported.
OGRE EXCEPTION(6:FileNotFoundException): Cannot locate resource oceanHLSL_Cg.frag in resource group General or any other group. in ResourceGroupManager::openResource at ..\src\OgreResourceGroupManager.cpp (line 604)
00:04:32: Finished parsing scripts for resource group General
00:04:32: Parsing scripts for resource group Internal
00:04:32: Finished parsing scripts for resource group Internal
00:04:33: Texture: clouds.jpg: Loading 1 faces(PF_R8G8B8,256x256x1) with  hardware generated mipmaps from Image. Internal format is PF_X8R8G8B8,256x256x1.
00:04:33: Creating viewport on target 'rtt/18088480', rendering from camera 'DefaultCamera', relative dimensions L: 0.00 T: 0.00 W: 1.00 H: 1.00 ZOrder: 0
00:04:33: Render Target 'rtt/18088480' Average FPS: 0 Best FPS: 0 Worst FPS: 999
00:04:33: Creating viewport on target 'rtt/18137792', rendering from camera 'DefaultCamera', relative dimensions L: 0.00 T: 0.00 W: 1.00 H: 1.00 ZOrder: 0
00:04:36: WARNING: Mesh instance 'ColourCube' was defined as manually loaded, but no manual loader was provided. This Resource will be lost if it has to be reloaded.
00:04:36: Texture: grass_10.jpg: Loading 1 faces(PF_R8G8B8,1024x1024x1) with  hardware generated mipmaps from Image. Internal format is PF_X8R8G8B8,1024x1024x1.
00:04:38: Render Target 'rtt/18137792' Average FPS: 10.5299 Best FPS: 12.3161 Worst FPS: 7.54006
00:04:38: Creating viewport on target 'rtt/65980640', rendering from camera 'DefaultCamera', relative dimensions L: 0.00 T: 0.00 W: 1.00 H: 1.00 ZOrder: 0
00:05:13: Render Target 'rtt/65980640' Average FPS: 0.865334 Best FPS: 10.2136 Worst FPS: 0.837521
00:05:13: *-*-* OGRE Shutdown
00:05:13: Unregistering ResourceManager for type Compositor
00:05:13: Unregistering ResourceManager for type Font
00:05:13: Unregistering ResourceManager for type Skeleton
00:05:13: Unregistering ResourceManager for type Mesh
00:05:13: Unregistering ResourceManager for type HighLevelGpuProgram
00:05:13: Uninstalling plugin: Cg Program Manager
00:05:13: Plugin successfully uninstalled
00:05:13: Unloading library .\Plugin_CgProgramManager
00:05:13: Uninstalling plugin: Octree & Terrain Scene Manager
00:05:13: Plugin successfully uninstalled
00:05:13: Unloading library .\Plugin_OctreeSceneManager
00:05:13: Uninstalling plugin: ParticleFX
00:05:13: Plugin successfully uninstalled
00:05:13: Unloading library .\Plugin_ParticleFX
00:05:13: Uninstalling plugin: D3D9 RenderSystem
00:05:13: Render Target 'OgreImageSource Windows' Average FPS: 0 Best FPS: 0 Worst FPS: 999
00:05:14: D3D9 : Shutting down cleanly.
00:05:14: Unregistering ResourceManager for type Texture
00:05:14: Unregistering ResourceManager for type GpuProgram
00:05:14: D3D9 : Direct3D9 Rendering Subsystem destroyed.
00:05:14: Plugin successfully uninstalled
00:05:14: Unloading library .\RenderSystem_Direct3D9
00:05:14: Unregistering ResourceManager for type Material
